<?xml version="1.0" encoding="UTF-8"?>
<!-- Generated by org.testng.reporters.JUnitXMLReporter -->
<testsuite ignored="0" hostname="LAPTOP-E7PRREND" failures="0" tests="3" name="Default test" time="12.126" errors="0" timestamp="12 Dec. 2022 21:59:30 GMT">
  <testcase classname="com.qa.testcases.LoginPageTest" name="loginPageTitleTest" time="0.012"/>
  <testcase classname="com.qa.testcases.LoginPageTest" name="crmLogoImageTest" time="0.057"/>
  <testcase classname="com.qa.testcases.LoginPageTest" name="loginTest" time="2.678"/>
</testsuite> <!-- Default test -->
