<?xml version="1.0" encoding="UTF-8"?>
<testng-results ignored="0" total="3" passed="3" failed="0" skipped="0">
  <reporter-output>
  </reporter-output>
  <suite started-at="2022-12-12T21:59:18Z" name="Default suite" finished-at="2022-12-12T21:59:30Z" duration-ms="12126">
    <groups>
    </groups>
    <test started-at="2022-12-12T21:59:18Z" name="Default test" finished-at="2022-12-12T21:59:30Z" duration-ms="12126">
      <class name="com.qa.testcases.LoginPageTest">
        <test-method is-config="true" signature="setUp()[pri:0, instance:com.qa.testcases.LoginPageTest@b978d10]" started-at="2022-12-12T16:59:18Z" name="setUp" finished-at="2022-12-12T16:59:21Z" duration-ms="2768" status="PASS">
          <reporter-output>
          </reporter-output>
        </test-method> <!-- setUp -->
        <test-method signature="loginPageTitleTest()[pri:1, instance:com.qa.testcases.LoginPageTest@b978d10]" started-at="2022-12-12T16:59:21Z" name="loginPageTitleTest" finished-at="2022-12-12T16:59:21Z" duration-ms="12" status="PASS">
          <reporter-output>
          </reporter-output>
        </test-method> <!-- loginPageTitleTest -->
        <test-method is-config="true" signature="tearDown()[pri:0, instance:com.qa.testcases.LoginPageTest@b978d10]" started-at="2022-12-12T16:59:21Z" name="tearDown" finished-at="2022-12-12T16:59:21Z" duration-ms="602" status="PASS">
          <reporter-output>
          </reporter-output>
        </test-method> <!-- tearDown -->
        <test-method is-config="true" signature="setUp()[pri:0, instance:com.qa.testcases.LoginPageTest@b978d10]" started-at="2022-12-12T16:59:21Z" name="setUp" finished-at="2022-12-12T16:59:24Z" duration-ms="2400" status="PASS">
          <reporter-output>
          </reporter-output>
        </test-method> <!-- setUp -->
        <test-method signature="crmLogoImageTest()[pri:2, instance:com.qa.testcases.LoginPageTest@b978d10]" started-at="2022-12-12T16:59:24Z" name="crmLogoImageTest" finished-at="2022-12-12T16:59:24Z" duration-ms="57" status="PASS">
          <reporter-output>
          </reporter-output>
        </test-method> <!-- crmLogoImageTest -->
        <test-method is-config="true" signature="tearDown()[pri:0, instance:com.qa.testcases.LoginPageTest@b978d10]" started-at="2022-12-12T16:59:24Z" name="tearDown" finished-at="2022-12-12T16:59:24Z" duration-ms="589" status="PASS">
          <reporter-output>
          </reporter-output>
        </test-method> <!-- tearDown -->
        <test-method is-config="true" signature="setUp()[pri:0, instance:com.qa.testcases.LoginPageTest@b978d10]" started-at="2022-12-12T16:59:24Z" name="setUp" finished-at="2022-12-12T16:59:27Z" duration-ms="2416" status="PASS">
          <reporter-output>
          </reporter-output>
        </test-method> <!-- setUp -->
        <test-method signature="loginTest()[pri:3, instance:com.qa.testcases.LoginPageTest@b978d10]" started-at="2022-12-12T16:59:27Z" name="loginTest" finished-at="2022-12-12T16:59:29Z" duration-ms="2678" status="PASS">
          <reporter-output>
          </reporter-output>
        </test-method> <!-- loginTest -->
        <test-method is-config="true" signature="tearDown()[pri:0, instance:com.qa.testcases.LoginPageTest@b978d10]" started-at="2022-12-12T16:59:29Z" name="tearDown" finished-at="2022-12-12T16:59:30Z" duration-ms="590" status="PASS">
          <reporter-output>
          </reporter-output>
        </test-method> <!-- tearDown -->
      </class> <!-- com.qa.testcases.LoginPageTest -->
    </test> <!-- Default test -->
  </suite> <!-- Default suite -->
</testng-results>
